[debug] [2025-05-20T19:39:24.608Z] ----------------------------------------------------------------------
[debug] [2025-05-20T19:39:24.610Z] Command:       C:\Program Files\nodejs\node.exe C:\Users\nandh\AppData\Roaming\npm\node_modules\firebase-tools\lib\bin\firebase.js init
[debug] [2025-05-20T19:39:24.610Z] CLI Version:   14.4.0
[debug] [2025-05-20T19:39:24.611Z] Platform:      win32
[debug] [2025-05-20T19:39:24.611Z] Node Version:  v22.13.0
[debug] [2025-05-20T19:39:24.611Z] Time:          Tue May 20 2025 15:39:24 GMT-0400 (Eastern Daylight Time)
[debug] [2025-05-20T19:39:24.611Z] ----------------------------------------------------------------------
[debug] 
[debug] [2025-05-20T19:39:24.615Z] > command requires scopes: ["email","openid","https://www.googleapis.com/auth/cloudplatformprojects.readonly","https://www.googleapis.com/auth/firebase","https://www.googleapis.com/auth/cloud-platform"]
[debug] [2025-05-20T19:39:24.615Z] > authorizing via signed-in user (nandhakv12@gmail.com)
[info] 
     ######## #### ########  ######## ########     ###     ######  ########
     ##        ##  ##     ## ##       ##     ##  ##   ##  ##       ##
     ######    ##  ########  ######   ########  #########  ######  ######
     ##        ##  ##    ##  ##       ##     ## ##     ##       ## ##
     ##       #### ##     ## ######## ########  ##     ##  ######  ########

You're about to initialize a Firebase project in this directory:

  E:\Intclt\restaurant-inventory

[debug] [2025-05-20T19:41:52.649Z] ExitPromptError: User force closed the prompt with SIGINT
    at Interface.sigint (C:\Users\nandh\AppData\Roaming\npm\node_modules\firebase-tools\node_modules\@inquirer\core\dist\commonjs\lib\create-prompt.js:100:37)
    at Interface.emit (node:events:524:28)
    at Interface.emit (node:domain:489:12)
    at [_ttyWrite] [as _ttyWrite] (node:internal/readline/interface:1124:18)
    at ReadStream.onkeypress (node:internal/readline/interface:263:20)
    at ReadStream.emit (node:events:536:35)
    at ReadStream.emit (node:domain:489:12)
    at emitKeys (node:internal/readline/utils:370:14)
    at emitKeys.next (<anonymous>)
    at ReadStream.onData (node:internal/readline/emitKeypressEvents:64:36)
[error] 
[error] Error: An unexpected error has occurred.
